<?xml version="1.0" encoding="UTF-8"?>
<testng-results ignored="0" total="1" passed="1" failed="0" skipped="0">
  <reporter-output>
  </reporter-output>
  <suite started-at="2021-09-14T07:41:47Z" name="Suite" finished-at="2021-09-14T07:42:16Z" duration-ms="29081">
    <groups>
    </groups>
    <test started-at="2021-09-14T07:41:47Z" name="Test" finished-at="2021-09-14T07:42:16Z" duration-ms="29081">
      <class name="ProFrameWork.ProFrameWork.IncidentPageTest">
        <test-method is-config="true" signature="Initialize()[pri:0, instance:ProFrameWork.ProFrameWork.IncidentPageTest@4313f5bc]" started-at="2021-09-14T07:41:47Z" name="Initialize" finished-at="2021-09-14T07:42:09Z" duration-ms="22594" status="PASS">
          <reporter-output>
          </reporter-output>
        </test-method> <!-- Initialize -->
        <test-method signature="incidentCheck()[pri:0, instance:ProFrameWork.ProFrameWork.IncidentPageTest@4313f5bc]" started-at="2021-09-14T07:42:09Z" name="incidentCheck" finished-at="2021-09-14T07:42:16Z" duration-ms="6454" status="PASS">
          <reporter-output>
          </reporter-output>
        </test-method> <!-- incidentCheck -->
        <test-method is-config="true" signature="TearDown()[pri:0, instance:ProFrameWork.ProFrameWork.IncidentPageTest@4313f5bc]" started-at="2021-09-14T07:42:16Z" name="TearDown" finished-at="2021-09-14T07:42:16Z" duration-ms="0" status="PASS">
          <reporter-output>
          </reporter-output>
        </test-method> <!-- TearDown -->
      </class> <!-- ProFrameWork.ProFrameWork.IncidentPageTest -->
    </test> <!-- Test -->
  </suite> <!-- Suite -->
</testng-results>
